<?xml version="1.0" encoding="UTF-8"?>
<!-- Generated by org.testng.reporters.JUnitReportReporter -->
<testsuite hostname="LAPTOP-PCCUKN8F" failures="0" tests="2" name="com.automation.tests.AutomationScripts" time="10.700" errors="0" timestamp="2023-06-15T00:28:16 CDT" skipped="0">
  <testcase classname="com.automation.tests.AutomationScripts" name="login_Success_2" time="6.962"/>
  <system-out/>
  <testcase classname="com.automation.tests.AutomationScripts" name="login_Error_Message_1" time="3.738"/>
  <system-out/>
</testsuite> <!-- com.automation.tests.AutomationScripts -->
