<?xml version="1.0" encoding="UTF-8"?>
<!-- Generated by org.testng.reporters.JUnitReportReporter -->
<testsuite hostname="LAPTOP-PCCUKN8F" failures="0" tests="5" name="com.automation.runners.SalesForceRunner" time="53.847" errors="0" timestamp="2023-06-19T19:02:16 CDT" skipped="0">
  <testcase classname="com.automation.runners.SalesForceRunner" name="runScenario" time="6.183"/>
  <system-out/>
  <testcase classname="com.automation.runners.SalesForceRunner" name="runScenario" time="5.655"/>
  <system-out/>
  <testcase classname="com.automation.runners.SalesForceRunner" name="runScenario" time="7.589"/>
  <system-out/>
  <testcase classname="com.automation.runners.SalesForceRunner" name="runScenario" time="22.671"/>
  <system-out/>
  <testcase classname="com.automation.runners.SalesForceRunner" name="runScenario" time="11.749"/>
  <system-out/>
</testsuite> <!-- com.automation.runners.SalesForceRunner -->
